<?xml version="1.0" encoding="UTF-8"?>
<!-- Generated by org.testng.reporters.JUnitReportReporter -->
<testsuite skipped="1" hostname="LAPTOP-ST1QLBOJ" name="com.variant.tests.FirstSeleniumTestNgTest" tests="3" failures="0" timestamp="25 Aug 2020 21:09:27 GMT" time="2.520" errors="0">
  <testcase name="testGoogleDotCom" time="1.271" classname="com.variant.tests.FirstSeleniumTestNgTest"/>
  <testcase name="testFacebookDotCom" time="1.249" classname="com.variant.tests.FirstSeleniumTestNgTest"/>
  <testcase name="testSomeErrorScenarioCom" classname="com.variant.tests.FirstSeleniumTestNgTest">
    <skipped/>
  </testcase> <!-- testSomeErrorScenarioCom -->
</testsuite> <!-- com.variant.tests.FirstSeleniumTestNgTest -->
