<?xml version="1.0" encoding="UTF-8"?>
<!-- Generated by org.testng.reporters.JUnitReportReporter -->
<testsuite skipped="0" hostname="LAPTOP-ST1QLBOJ" name="com.variant.tests.MultipleBrowserTest" tests="2" failures="0" timestamp="25 Aug 2020 21:24:25 GMT" time="0.001" errors="0">
  <testcase name="runInBrowser" time="0.001" classname="com.variant.tests.MultipleBrowserTest"/>
  <testcase name="runInBrowser" time="0.000" classname="com.variant.tests.MultipleBrowserTest"/>
</testsuite> <!-- com.variant.tests.MultipleBrowserTest -->
