<?xml version="1.0" encoding="UTF-8"?>
<!-- Generated by org.testng.reporters.JUnitReportReporter -->
<testsuite skipped="1" hostname="LAPTOP-ST1QLBOJ" name="com.variant.testng.FirstSeleniumTestNgTest" tests="3" failures="0" timestamp="25 Aug 2020 21:24:25 GMT" time="2.734" errors="0">
  <testcase name="testFacebookDotCom" time="1.314" classname="com.variant.testng.FirstSeleniumTestNgTest"/>
  <testcase name="testGoogleDotCom" time="1.420" classname="com.variant.testng.FirstSeleniumTestNgTest"/>
  <testcase name="testSomeErrorScenarioCom" classname="com.variant.testng.FirstSeleniumTestNgTest">
    <skipped/>
  </testcase> <!-- testSomeErrorScenarioCom -->
</testsuite> <!-- com.variant.testng.FirstSeleniumTestNgTest -->
